19:49:03.848 INFO  accelarators.Base -setup -BEFORE CLASS EXECUTION STARTED SUCCESSFULLY
19:49:04.069 INFO  utilities.ConfigProperties -loadFrom -INTEND TO LOAD USER CONFIGURATION PARAMETERS FROM PROPERTIES FILE
19:49:04.070 INFO  accelarators.Base -notEmpty -INTENDED TO CHECK IF THE STRING IS EMPTY
19:49:04.070 INFO  accelarators.Base -notEmpty -STRING IS NOT EMPTY
19:49:04.071 INFO  accelarators.Base -notEmpty -SUCCESSFULLY CHECKED IF THE STRING IS EMPTY
19:49:04.071 INFO  accelarators.Base -formatGiven -INTENDED TO CHECK IF THE FILE NAME HAS THE FILE EXTENSION
19:49:04.071 INFO  accelarators.Base -formatGiven -FILE FORMAT IS PROVIDED WITH THE FILE NAME(config.properties)
19:49:04.072 INFO  accelarators.Base -formatGiven -SUCCESSFULLY CHECKED IF THE FILE NAME HAS THE FILE EXTENSION
19:49:04.072 INFO  accelarators.Base -getFileFormat -INTENDED TO RETRIEVE THE FORMAT OF THE FILE
19:49:04.072 INFO  accelarators.Base -getFileFormat -SUCCESSFULLY GOT THE FILE FORMAT(.properties) FROM THE FILE NAME(config.properties)

19:49:04.073 INFO  accelarators.Base -getFileFormat -SUCCESSFULLY RETRIEVED THE FORMAT OF THE FILE
19:49:04.073 INFO  accelarators.Base -fileFormatIs -INTENDED TO CHECK IF THE FILE BELONGS TO THE GIVEN FORMAT
19:49:04.073 INFO  accelarators.Base -fileFormatIs -EXPECTED AND ACTUAL FILE FORMATS ARE THE SAME
19:49:04.073 INFO  accelarators.Base -fileFormatIs -SUCCESSFULLY CHECKED IF THE FILE BELONGS TO THE GIVEN FORMAT
19:49:04.074 INFO  accelarators.Base -createFileInstance -INTENDED TO CREATE THE FILE INSTANCE
19:49:04.077 INFO  accelarators.Base -createFileInstance -FILE INSTANCE CREATED
19:49:04.077 INFO  accelarators.Base -createFileInstance -SUCCESSFULLY CREATED THE FILE INSTANCE
19:49:04.077 INFO  accelarators.Base -readFile -INTENDED TO READ THE GIVEN FILE
19:49:04.078 INFO  accelarators.Base -readFile -SUCCESSFULLY READ THE FILE(D:\WorkspaceProject\FlipKart\config.properties) SPECIFIED
19:49:04.079 INFO  accelarators.Base -readFile -READING THE FILE IS SUCCESSFUL
19:49:04.079 INFO  utilities.ConfigProperties -createPropertiesInstance -INTEND TO CREATE AN INSTANCE OF PROPERTIES
19:49:04.079 INFO  utilities.ConfigProperties -createPropertiesInstance -AN INSTANCE OF PROPERTIES CLASS CREATED
19:49:04.080 INFO  utilities.ConfigProperties -createPropertiesInstance -SUCCESSFULLY CREATED AN INSTANCE OF PROPERTIES
19:49:04.080 INFO  utilities.ConfigProperties -loadProperties -INTEND TO LOAD PROPERTIES
19:49:04.080 INFO  utilities.ConfigProperties -loadProperties -SUCCESSFULLY LOADED THE PROPERTY FILE
19:49:04.081 INFO  utilities.ConfigProperties -loadProperties -SUCCESSFULLY LOADED PROPERTIES
19:49:04.081 INFO  utilities.ConfigProperties -loadFrom -SUCCESSFULLY LOADED USER CONFIGURATION PARAMETERS FROM PROPERTY FILE(config.properties) UNDER THE LOCATION(D:\WorkspaceProject\FlipKart\)
19:49:04.082 INFO  accelarators.Base -setup -creating folders for screen shots
19:49:04.138 INFO  utilities.Report -initialize -INTEND TO CREATE AN INSTANCE OF EXTENT REPORT WITH NAME AND APPEND STATUS
19:49:04.138 INFO  utilities.Report -initializeHTML -INTEND TO INITIALIZE AN HTML REPORT
19:49:04.138 INFO  accelarators.Base -notEmpty -INTENDED TO CHECK IF THE STRING IS EMPTY
19:49:04.138 INFO  accelarators.Base -notEmpty -STRING IS NOT EMPTY
19:49:04.141 INFO  accelarators.Base -notEmpty -SUCCESSFULLY CHECKED IF THE STRING IS EMPTY
19:49:04.142 INFO  accelarators.Base -formatGiven -INTENDED TO CHECK IF THE FILE NAME HAS THE FILE EXTENSION
19:49:04.143 INFO  accelarators.Base -formatGiven -FILE FORMAT IS PROVIDED WITH THE FILE NAME(FlipKart.html)
19:49:04.145 INFO  accelarators.Base -formatGiven -SUCCESSFULLY CHECKED IF THE FILE NAME HAS THE FILE EXTENSION
19:49:04.148 INFO  accelarators.Base -getFileFormat -INTENDED TO RETRIEVE THE FORMAT OF THE FILE
19:49:04.148 INFO  accelarators.Base -getFileFormat -SUCCESSFULLY GOT THE FILE FORMAT(.html) FROM THE FILE NAME(FlipKart.html)

19:49:04.148 INFO  accelarators.Base -getFileFormat -SUCCESSFULLY RETRIEVED THE FORMAT OF THE FILE
19:49:04.149 INFO  accelarators.Base -fileFormatIs -INTENDED TO CHECK IF THE FILE BELONGS TO THE GIVEN FORMAT
19:49:04.149 INFO  accelarators.Base -fileFormatIs -EXPECTED AND ACTUAL FILE FORMATS ARE THE SAME
19:49:04.149 INFO  accelarators.Base -fileFormatIs -SUCCESSFULLY CHECKED IF THE FILE BELONGS TO THE GIVEN FORMAT
19:49:04.149 INFO  utilities.Report -createInstanceOfHTMLReport -INTEND TO CREATE AN INSTANCE OF HTML REPORT WITH NAME
19:49:04.351 INFO  utilities.Report -createInstanceOfHTMLReport -SUCCESSFULLY CREATED AN INSTANCE OF HTML REPORT WITH NAME(FlipKart.html)
19:49:04.352 INFO  utilities.Report -appendToExistingReport -INTED TO ADD THE CONTENTS TO EXTENT REPORT BASED ON THE APPEND STATUS
19:49:04.357 INFO  utilities.Report -appendToExistingReport -CONTENTS ARE ADDED TO EXTENT REPORT BASED ON THE APPEND STATUS(false)
19:49:04.357 INFO  utilities.Report -setHTMLReportName -INTEND TO SET A NAME FOR THE HTML REPORT 
19:49:04.358 INFO  utilities.Report -setHTMLReportName -HTML REPORT NAME(Test Case Summary) WAS SET SUCCESSFULLY
19:49:04.359 INFO  utilities.Report -setHTMLReportTheme -INTEND TO SET A THEME FOR THE HTML REPORT 
19:49:04.359 INFO  utilities.Report -setHTMLReportTheme -HTML REPORT THEME WAS SET SUCCESSFULLY
19:49:04.359 INFO  utilities.Report -initializeHTML -SUCCESSFULLY INITIALIZED AN HTML REPORT(FlipKart.html)
19:49:04.360 INFO  utilities.Report -createInstanceOfExtentReport -INTEND TO CREATE AN INSTANCE OF EXTENT REPORT
19:49:04.372 INFO  utilities.Report -createInstanceOfExtentReport -SUCCESSFULLY CREATED AN INSTANCE OF EXTENT REPORT
19:49:04.372 INFO  utilities.Report -attachHTMLReport -INTEND TO ATTACH HTML REPORT TO EXTENT REPORT
19:49:04.763 INFO  utilities.Report -attachHTMLReport -SUCCESSFULLY ATTACHED HTML REPORT TO EXTENT REPORT
19:49:04.764 INFO  utilities.Report -initialize -SUCCESSFULLY CREATED AN INSTANCE OF EXTENT REPORT WITH NAME(FlipKart.html) AND APPEND STATUS(false)
19:49:04.764 INFO  utilities.Report -recordSystemInfo -INTEND TO ADD SYSTEM INFORMATION IN EXTENT REPORT
19:49:04.764 INFO  utilities.Report -recordSystemInfo -SUCCESSFULLY ADDED SYSTEM INFORMATION(Operating System : Windows 7) IN EXTENT REPORT
19:49:04.765 INFO  utilities.Report -recordSystemInfo -INTEND TO ADD SYSTEM INFORMATION IN EXTENT REPORT
19:49:04.765 INFO  utilities.Report -recordSystemInfo -SUCCESSFULLY ADDED SYSTEM INFORMATION(Java : 1.8) IN EXTENT REPORT
19:49:04.765 INFO  utilities.Report -recordSystemInfo -INTEND TO ADD SYSTEM INFORMATION IN EXTENT REPORT
19:49:04.765 INFO  utilities.Report -recordSystemInfo -SUCCESSFULLY ADDED SYSTEM INFORMATION(Selenium Version : 3.4) IN EXTENT REPORT
19:49:04.765 INFO  accelarators.Base -setup -BEFORE CLASS EXECUTED SUCCESSFULLY
19:49:04.779 INFO  utilities.DataProviderRepository -dataProviderMethod -INTEND TO READ THE TEST DATA USING DATAPROVIDER FROM EXCEL WORKBOOK
19:49:04.787 INFO  utilities.Excel -getTestDataAsTwoDimesionalObjectArray -INTEND TO READ THE TEST DATA AS TWO DIMENSIONAL OBJECT ARRAY
19:49:04.788 INFO  utilities.Excel -getToSheet -INTEND TO READ THE SPECIFIED EXCEL SHEET
19:49:04.789 INFO  utilities.Excel -getToFile -INTEND TO READ THE SPECIFIED EXCEL FILE
19:49:04.789 INFO  accelarators.Base -notEmpty -INTENDED TO CHECK IF THE STRING IS EMPTY
19:49:04.789 INFO  accelarators.Base -notEmpty -STRING IS NOT EMPTY
19:49:04.790 INFO  accelarators.Base -notEmpty -SUCCESSFULLY CHECKED IF THE STRING IS EMPTY
19:49:04.790 INFO  accelarators.Base -formatGiven -INTENDED TO CHECK IF THE FILE NAME HAS THE FILE EXTENSION
19:49:04.790 INFO  accelarators.Base -formatGiven -FILE FORMAT IS PROVIDED WITH THE FILE NAME(\GmailTestData.xlsx)
19:49:04.790 INFO  accelarators.Base -formatGiven -SUCCESSFULLY CHECKED IF THE FILE NAME HAS THE FILE EXTENSION
19:49:04.790 INFO  accelarators.Base -getFileFormat -INTENDED TO RETRIEVE THE FORMAT OF THE FILE
19:49:04.790 INFO  accelarators.Base -getFileFormat -SUCCESSFULLY GOT THE FILE FORMAT(.xlsx) FROM THE FILE NAME(\GmailTestData.xlsx)

19:49:04.791 INFO  accelarators.Base -getFileFormat -SUCCESSFULLY RETRIEVED THE FORMAT OF THE FILE
19:49:04.791 INFO  accelarators.Base -fileFormatIs -INTENDED TO CHECK IF THE FILE BELONGS TO THE GIVEN FORMAT
19:49:04.791 INFO  accelarators.Base -fileFormatIs -EXPECTED AND ACTUAL FILE FORMATS ARE THE SAME
19:49:04.791 INFO  accelarators.Base -fileFormatIs -SUCCESSFULLY CHECKED IF THE FILE BELONGS TO THE GIVEN FORMAT
19:49:04.792 INFO  accelarators.Base -createFileInstance -INTENDED TO CREATE THE FILE INSTANCE
19:49:04.792 INFO  accelarators.Base -createFileInstance -FILE INSTANCE CREATED
19:49:04.792 INFO  accelarators.Base -createFileInstance -SUCCESSFULLY CREATED THE FILE INSTANCE
19:49:04.792 INFO  accelarators.Base -readFile -INTENDED TO READ THE GIVEN FILE
19:49:04.793 INFO  accelarators.Base -readFile -SUCCESSFULLY READ THE FILE(D:\WorkspaceProject\FlipKart\TestData\GmailTestData.xlsx) SPECIFIED
19:49:04.793 INFO  accelarators.Base -readFile -READING THE FILE IS SUCCESSFUL
19:49:04.794 INFO  utilities.Excel -createWorkBookInstance -INTEND TO CREATE AN WORKBOOK INSTANCE BASED ON THE EXCEL FILE FORMAT
19:49:04.794 INFO  accelarators.Base -fileFormatIs -INTENDED TO CHECK IF THE FILE BELONGS TO THE GIVEN FORMAT
19:49:04.794 INFO  accelarators.Base -fileFormatIs -EXPECTED AND ACTUAL FILE FORMATS ARE THE SAME
19:49:04.794 INFO  accelarators.Base -fileFormatIs -SUCCESSFULLY CHECKED IF THE FILE BELONGS TO THE GIVEN FORMAT
19:49:06.656 INFO  utilities.Excel -createWorkBookInstance -SUCCESSFULLY CREATED AN INSTANCE OF XSSFWORKBOOK CLASS
19:49:06.657 INFO  utilities.Excel -createWorkBookInstance -SUCCESSFULLY CREATED AN WORKBOOK INSTANCE BASED ON THE EXCEL FILE FORMAT
19:49:06.657 INFO  utilities.Excel -getToFile -SUCCESSFULLY READ THE EXCEL FILE(\GmailTestData.xlsx)
19:49:06.657 INFO  accelarators.Base -notEmpty -INTENDED TO CHECK IF THE STRING IS EMPTY
19:49:06.657 INFO  accelarators.Base -notEmpty -STRING IS NOT EMPTY
19:49:06.657 INFO  accelarators.Base -notEmpty -SUCCESSFULLY CHECKED IF THE STRING IS EMPTY
19:49:06.657 INFO  utilities.Excel -sheetPresent -INTEND TO VERIFY WHETHER THE SPECIFIED EXCEL SHEET IS PRESENT OR NOT
19:49:06.671 INFO  utilities.Excel -sheetPresent -(TestData) IS PRESENT
19:49:06.671 INFO  utilities.Excel -sheetPresent -SUCCESSFULLY VERIFIED WHETHER THE EXCEL SHEET(TestData) IS PRESENT OR NOT
19:49:06.672 INFO  utilities.Excel -getToSheet -SUCCESSFULLY READ THE EXCEL SHEET(TestData)
19:49:06.679 INFO  utilities.Excel -getCellValue -INTEND TO READ THE CELL VALUE
19:49:06.698 INFO  accelarators.Base -fileFormatIs -INTENDED TO CHECK IF THE FILE BELONGS TO THE GIVEN FORMAT
19:49:06.699 INFO  accelarators.Base -fileFormatIs -EXPECTED AND ACTUAL FILE FORMATS ARE THE SAME
19:49:06.699 INFO  accelarators.Base -fileFormatIs -SUCCESSFULLY CHECKED IF THE FILE BELONGS TO THE GIVEN FORMAT
19:49:06.736 INFO  utilities.Excel -getCellValue -SUCCESSFULLY CREATED AN INSTANCE OF XSSFFORMULAEVALUATOR
19:49:06.746 INFO  utilities.Excel -getCellValue -SUCCESSFULLY READ THE CELL VALUE(userName~9849530029
password~satish@123)
19:49:06.746 INFO  utilities.Excel -getTestDataAsTwoDimesionalObjectArray -SUCCESSFULLY READ THE TEST DATA AS TWO DIMENSIONAL OBJECT ARRAY FROM THE EXCEL SHEET(TestData) IN THE EXCEL FILE(\GmailTestData.xlsx) UNDER THE LOCATION(D:\WorkspaceProject\FlipKart\TestData)
19:49:06.746 INFO  utilities.DataProviderRepository -dataProviderMethod -SUCCESSFULLY READ THE TEST DATA FOR (public void com.flipkart.testScripts.FlipKartTestCase.FlipKart_TC1(java.lang.String) throws java.lang.InterruptedException,com.flipkart.utilities.MyOwnException) SECURITY TYPE USING DATAPROVIDER FROM EXCEL WORKBOOK
19:49:06.773 INFO  testScripts.FlipKartTestCase -FlipKart_TC1 -METHOD(IU_TC1) EXECUTION STARTED SUCCESSFULLY
19:49:06.773 INFO  testScripts.FlipKartTestCase -RetrievingMapData -METHOD(RetrievingMapData) EXECUTION STARTED SUCCESSFULLY
19:49:06.773 INFO  accelarators.ActionDriver -splitToMap -METHOD(splitToMap) EXECUTION STARTED SUCCESSFULLY
19:49:06.817 INFO  accelarators.ActionDriver -splitToMap -METHOD(splitToMap) EXECUTED SUCCESSFULLY
19:49:06.817 INFO  testScripts.FlipKartTestCase -RetrievingMapData -METHOD(RetrievingMapData) EXECUTED SUCCESSFULLY
19:49:06.817 INFO  utilities.Report -makeTestCaseEntry -INTEND TO CREATE AN INSTANCE OF TEST CASE WITH NAME IN EXTENT REPORT
19:49:06.817 INFO  accelarators.Base -notEmpty -INTENDED TO CHECK IF THE STRING IS EMPTY
19:49:06.818 INFO  accelarators.Base -notEmpty -STRING IS NOT EMPTY
19:49:06.818 INFO  accelarators.Base -notEmpty -SUCCESSFULLY CHECKED IF THE STRING IS EMPTY
19:49:06.821 INFO  utilities.Report -makeTestCaseEntry -SUCCESSFULY CREATED AN INSTANCE OF TEST CASE WITH NAME(HealthChoice_Testing) IN EXTENT REPORT
19:49:06.822 INFO  utilities.Report -assignCategoryToTestCase -INTEND TO ASSIGN CATAGORY TO A TEST CASE IN EXTENT REPORT
19:49:06.864 INFO  utilities.Report -assignCategoryToTestCase -SUCCESSFULY ASSIGNED THE CATAGORY(TC1) TO A TEST CASE IN EXTENT REPORT
19:49:06.865 INFO  pageObjects.FlipKartWorkFlow -FlipKart_Login -WORKFLOW(newTrackerListingProcess) EXECUTION STARTED SUCCESSFULLY
19:49:06.961 INFO  pageObjects.FlipKartCommonPage -initiateBrowser -METHOD(initiateBrowser) EXECUTION STARTED SUCCESSFULLY
19:49:19.569 INFO  pageObjects.FlipKartCommonPage -initiateBrowser -Initiated Chrome session
19:49:21.111 INFO  pageObjects.FlipKartCommonPage -initiateBrowser -METHOD(initiateBrowser) EXECUTED SUCCESSFULLY
19:49:30.426 INFO  pageObjects.FlipKartLoginPage -login -METHOD(login) EXECUTION STARTED SUCCESSFULLY
19:49:35.449 INFO  methods.MyWait -until -INTEND TO PAUSE THE EXECUTION EXPLICITLY
19:49:35.867 INFO  accelarators.Base -notEmpty -INTENDED TO CHECK IF THE STRING IS EMPTY
19:49:35.867 INFO  accelarators.Base -notEmpty -STRING IS NOT EMPTY
19:49:35.867 INFO  accelarators.Base -notEmpty -SUCCESSFULLY CHECKED IF THE STRING IS EMPTY
19:49:38.008 INFO  methods.MyWait -until -PAUSED THE EXECUTION EXPLICITLY UNTIL (ELEMENT_VISIBLE) FOR (90) SECONDS
19:49:38.011 INFO  methods.MyWebElement -enterText -INTEND TO ENTER TEXT INSIDE SPECIFIED WEBELEMENT
19:49:38.011 INFO  methods.MyWebElement -isDisplayedOrNot -INTEND TO VERIFY WHETHER SPECIFIED WEBELEMENT IS DISPLAYED OR NOT
19:49:38.069 INFO  methods.MyWebElement -isDisplayedOrNot -WEBELEMENT([[ChromeDriver: chrome on XP (59b3806a94c017368783d5da517b1c33)] -> xpath: /html/body/div[2]/div/div/div/div/div[2]/div/form/div[1]/input]) IS DISPLAYED
19:49:38.084 INFO  methods.MyWebElement -isDisplayedOrNot -SUCCESSFULLY VERIFIED WETHER THE SPECIFIED WEBELEMENT([[ChromeDriver: chrome on XP (59b3806a94c017368783d5da517b1c33)] -> xpath: /html/body/div[2]/div/div/div/div/div[2]/div/form/div[1]/input]) IS DISPLAYED OR NOT
19:49:38.085 INFO  methods.MyWebElement -isEnabledOrNot -INTEND TO VERIFY WHETHER SPECIFIED WEBELEMENT IS ENABLED OR NOT
19:49:38.470 INFO  methods.MyWebElement -isEnabledOrNot -WEBELEMENT([[ChromeDriver: chrome on XP (59b3806a94c017368783d5da517b1c33)] -> xpath: /html/body/div[2]/div/div/div/div/div[2]/div/form/div[1]/input]) IS ENABLED
19:49:38.495 INFO  methods.MyWebElement -isEnabledOrNot -SUCCESSFULLY VERIFIED WETHER THE SPECIFIED WEBELEMENT([[ChromeDriver: chrome on XP (59b3806a94c017368783d5da517b1c33)] -> xpath: /html/body/div[2]/div/div/div/div/div[2]/div/form/div[1]/input]) IS ENABLED OR NOT
19:49:38.495 INFO  accelarators.Base -notEmpty -INTENDED TO CHECK IF THE STRING IS EMPTY
19:49:38.495 INFO  accelarators.Base -notEmpty -STRING IS NOT EMPTY
19:49:38.495 INFO  accelarators.Base -notEmpty -SUCCESSFULLY CHECKED IF THE STRING IS EMPTY
19:49:39.737 INFO  methods.MyWebElement -enterText -SUCCESSFULLY ENTERED THE TEXT(9849530029) INSIDE SPECIFIED WEBELEMENT([[ChromeDriver: chrome on XP (59b3806a94c017368783d5da517b1c33)] -> xpath: /html/body/div[2]/div/div/div/div/div[2]/div/form/div[1]/input])
19:49:39.737 INFO  methods.MyWebElement -enterText -INTEND TO ENTER TEXT INSIDE SPECIFIED WEBELEMENT
19:49:39.737 INFO  methods.MyWebElement -isDisplayedOrNot -INTEND TO VERIFY WHETHER SPECIFIED WEBELEMENT IS DISPLAYED OR NOT
19:49:39.932 INFO  methods.MyWebElement -isDisplayedOrNot -WEBELEMENT([[ChromeDriver: chrome on XP (59b3806a94c017368783d5da517b1c33)] -> xpath: /html/body/div[2]/div/div/div/div/div[2]/div/form/div[2]/input]) IS DISPLAYED
19:49:39.977 INFO  methods.MyWebElement -isDisplayedOrNot -SUCCESSFULLY VERIFIED WETHER THE SPECIFIED WEBELEMENT([[ChromeDriver: chrome on XP (59b3806a94c017368783d5da517b1c33)] -> xpath: /html/body/div[2]/div/div/div/div/div[2]/div/form/div[2]/input]) IS DISPLAYED OR NOT
19:49:39.978 INFO  methods.MyWebElement -isEnabledOrNot -INTEND TO VERIFY WHETHER SPECIFIED WEBELEMENT IS ENABLED OR NOT
19:49:40.058 INFO  methods.MyWebElement -isEnabledOrNot -WEBELEMENT([[ChromeDriver: chrome on XP (59b3806a94c017368783d5da517b1c33)] -> xpath: /html/body/div[2]/div/div/div/div/div[2]/div/form/div[2]/input]) IS ENABLED
19:49:40.138 INFO  methods.MyWebElement -isEnabledOrNot -SUCCESSFULLY VERIFIED WETHER THE SPECIFIED WEBELEMENT([[ChromeDriver: chrome on XP (59b3806a94c017368783d5da517b1c33)] -> xpath: /html/body/div[2]/div/div/div/div/div[2]/div/form/div[2]/input]) IS ENABLED OR NOT
19:49:40.138 INFO  accelarators.Base -notEmpty -INTENDED TO CHECK IF THE STRING IS EMPTY
19:49:40.139 INFO  accelarators.Base -notEmpty -STRING IS NOT EMPTY
19:49:40.139 INFO  accelarators.Base -notEmpty -SUCCESSFULLY CHECKED IF THE STRING IS EMPTY
19:49:40.723 INFO  methods.MyWebElement -enterText -SUCCESSFULLY ENTERED THE TEXT(satish@123) INSIDE SPECIFIED WEBELEMENT([[ChromeDriver: chrome on XP (59b3806a94c017368783d5da517b1c33)] -> xpath: /html/body/div[2]/div/div/div/div/div[2]/div/form/div[2]/input])
19:49:40.724 INFO  accelarators.ActionDriver -screenShot -METHOD(screenShot) EXECUTION STARTED SUCCESSFULLY
19:49:41.370 INFO  accelarators.ActionDriver -screenShot -METHOD(screenShot) EXECUTED SUCCESSFULLY
19:49:41.370 INFO  utilities.Report -logTestCaseStatusWithSnapShot -INTEND TO LOG TEST CASE STATUS WITH DESCRIPTION AND SNAPSHOT IN EXTENT REPORT
19:49:41.370 INFO  accelarators.Base -notEmpty -INTENDED TO CHECK IF THE STRING IS EMPTY
19:49:41.370 INFO  accelarators.Base -notEmpty -STRING IS NOT EMPTY
19:49:41.377 INFO  accelarators.Base -notEmpty -SUCCESSFULLY CHECKED IF THE STRING IS EMPTY
19:49:41.377 INFO  accelarators.Base -notEmpty -INTENDED TO CHECK IF THE STRING IS EMPTY
19:49:41.377 INFO  accelarators.Base -notEmpty -STRING IS NOT EMPTY
19:49:41.378 INFO  accelarators.Base -notEmpty -SUCCESSFULLY CHECKED IF THE STRING IS EMPTY
19:49:41.378 INFO  accelarators.Base -notEmpty -INTENDED TO CHECK IF THE STRING IS EMPTY
19:49:41.378 INFO  accelarators.Base -notEmpty -STRING IS NOT EMPTY
19:49:41.378 INFO  accelarators.Base -notEmpty -SUCCESSFULLY CHECKED IF THE STRING IS EMPTY
19:49:41.378 INFO  accelarators.Base -filePresent -INTENDED TO CHECK IF THE SNAPSHOT FILE IS PRESENT
19:49:41.378 INFO  accelarators.Base -filePresent -FILE(D:\WorkspaceProject\FlipKart\Results\_2018-07-23_19_49_04_081\1_HelahChoiceLogin_Screen.png) IS PRESENT
19:49:41.379 INFO  accelarators.Base -filePresent -SUCCESSFULLY CHECKED IF THE SNAPSHOT FILE IS PRESENT
19:49:41.391 INFO  utilities.Report -logTestCaseStatusWithSnapShot -SUCCESSFULY LOGED THE STATUS(INFO) WITH DESCRIPTION(Login To Health Choice is initiated successfully) AND SNAPSHOT(D:\WorkspaceProject\FlipKart\Results\_2018-07-23_19_49_04_081\1_HelahChoiceLogin_Screen.png) IN EXTENT REPORT
19:49:46.596 INFO  pageObjects.FlipKartLoginPage -login -METHOD(login) EXECUTED SUCCESSFULLY
19:49:46.596 INFO  accelarators.ActionDriver -screenShot -METHOD(screenShot) EXECUTION STARTED SUCCESSFULLY
19:49:47.066 INFO  accelarators.ActionDriver -screenShot -METHOD(screenShot) EXECUTED SUCCESSFULLY
19:49:47.066 INFO  utilities.Report -logTestCaseStatusWithSnapShot -INTEND TO LOG TEST CASE STATUS WITH DESCRIPTION AND SNAPSHOT IN EXTENT REPORT
19:49:47.066 INFO  accelarators.Base -notEmpty -INTENDED TO CHECK IF THE STRING IS EMPTY
19:49:47.066 INFO  accelarators.Base -notEmpty -STRING IS NOT EMPTY
19:49:47.066 INFO  accelarators.Base -notEmpty -SUCCESSFULLY CHECKED IF THE STRING IS EMPTY
19:49:47.067 INFO  accelarators.Base -notEmpty -INTENDED TO CHECK IF THE STRING IS EMPTY
19:49:47.067 INFO  accelarators.Base -notEmpty -STRING IS NOT EMPTY
19:49:47.067 INFO  accelarators.Base -notEmpty -SUCCESSFULLY CHECKED IF THE STRING IS EMPTY
19:49:47.067 INFO  accelarators.Base -notEmpty -INTENDED TO CHECK IF THE STRING IS EMPTY
19:49:47.067 INFO  accelarators.Base -notEmpty -STRING IS NOT EMPTY
19:49:47.067 INFO  accelarators.Base -notEmpty -SUCCESSFULLY CHECKED IF THE STRING IS EMPTY
19:49:47.068 INFO  accelarators.Base -filePresent -INTENDED TO CHECK IF THE SNAPSHOT FILE IS PRESENT
19:49:47.068 INFO  accelarators.Base -filePresent -FILE(D:\WorkspaceProject\FlipKart\Results\_2018-07-23_19_49_04_081\2_HealthChoiceHomePage.png) IS PRESENT
19:49:47.068 INFO  accelarators.Base -filePresent -SUCCESSFULLY CHECKED IF THE SNAPSHOT FILE IS PRESENT
19:49:47.070 INFO  utilities.Report -logTestCaseStatusWithSnapShot -SUCCESSFULY LOGED THE STATUS(PASS) WITH DESCRIPTION(Successfully logged into Health Choice) AND SNAPSHOT(D:\WorkspaceProject\FlipKart\Results\_2018-07-23_19_49_04_081\2_HealthChoiceHomePage.png) IN EXTENT REPORT
19:49:47.071 INFO  pageObjects.FlipKartWorkFlow -FlipKart_Login -WORKFLOW(newTrackerListingProcess) EXECUTED SUCCESSFULLY
19:49:47.071 INFO  pageObjects.FlipKartWorkFlow -SelectMobile -WORKFLOW(newTrackerListingProcess) EXECUTION STARTED SUCCESSFULLY
19:49:47.073 INFO  pageObjects.FlipKartHomePage -SelectMobile -METHOD(login) EXECUTION STARTED SUCCESSFULLY
19:49:47.073 INFO  methods.MyWebElement -clickOn -INTEND TO CLICK SPECIFIED WEBELEMENT
19:49:47.074 INFO  methods.MyWebElement -isDisplayedOrNot -INTEND TO VERIFY WHETHER SPECIFIED WEBELEMENT IS DISPLAYED OR NOT
